<?xml version="1.0" encoding="UTF-8"?>
<!-- Generated by org.testng.reporters.JUnitReportReporter -->
<testsuite ignored="0" hostname="MacBook-Air-de-Diana.local" failures="0" tests="1" name="Test.NewTest" time="6.346" errors="0" timestamp="24 abr. 2021 13:16:03 GMT" skipped="0">
  <testcase classname="Test.NewTest" name="Test" time="6.346"/>
</testsuite> <!-- Test.NewTest -->
